This file contains any messages produced by compilers while
running configure, to aid debugging if configure makes a mistake.

It was created by ykclient configure 2.15, which was
generated by GNU Autoconf 2.69.  Invocation command line was

  $ ./configure --prefix=//SERVER/Users/brecht/sources/CPP/winlibs_recipes/recipes/inst_ykclient-2.15 --build=x86_64-w64-mingw32 --host=x86_64-w64-mingw32 CFLAGS=-I//SERVER/Users/brecht/sources/CPP/winlibs_recipes/recipes/ykclient-2.15  LDFLAGS=-Wl,--as-needed -lws2_32

## --------- ##
## Platform. ##
## --------- ##

hostname = W11-BRECHT
uname -m = x86_64
uname -r = 3.4.10.x86_64
uname -s = MINGW64_NT-10.0-22631
uname -v = 2023-11-30 06:09 UTC

/usr/bin/uname -p = unknown
/bin/uname -X     = unknown

/bin/arch              = x86_64
/usr/bin/arch -k       = unknown
/usr/convex/getsysinfo = unknown
/usr/bin/hostinfo      = unknown
/bin/machine           = unknown
/usr/bin/oslevel       = unknown
/bin/universe          = unknown

PATH: /d/Prog/winlibs-gcc13.2.0-posix-msvcrt-11.0.1/custombuilt64/bin
PATH: .
PATH: //SERVER/Users/brecht/sources/CPP/winlibs_tools/build/bin/Release64
PATH: /d/Prog/winlibs-gcc13.2.0-posix-msvcrt-11.0.1/mingw64/bin
PATH: /d/Prog/winlibs-gcc13.2.0-posix-msvcrt-11.0.1/mingw64/x86_64-w64-mingw32/bin
PATH: /usr/bin
PATH: /c/Windows/system32
PATH: /c/Windows
PATH: /usr/lib/perl5/core_perl/CORE


## ----------- ##
## Core tests. ##
## ----------- ##

configure:2216: checking for a BSD-compatible install
configure:2284: result: /usr/bin/install -c
configure:2295: checking whether build environment is sane
configure:2350: result: yes
configure:2501: checking for a thread-safe mkdir -p
configure:2540: result: /usr/bin/mkdir -p
configure:2547: checking for gawk
configure:2563: found /usr/bin/gawk
configure:2574: result: gawk
configure:2585: checking whether make sets $(MAKE)
configure:2607: result: yes
configure:2636: checking whether make supports nested variables
configure:2653: result: yes
configure:2790: checking whether make supports nested variables
configure:2807: result: yes
configure:2826: checking for x86_64-w64-mingw32-gcc
configure:2842: found /d/Prog/winlibs-gcc13.2.0-posix-msvcrt-11.0.1/mingw64/bin/x86_64-w64-mingw32-gcc
configure:2853: result: x86_64-w64-mingw32-gcc
configure:3122: checking for C compiler version
configure:3131: x86_64-w64-mingw32-gcc --version >&5
x86_64-w64-mingw32-gcc.exe (MinGW-W64 x86_64-msvcrt-posix-seh, built by Brecht Sanders, r5) 13.2.0
Copyright (C) 2023 Free Software Foundation, Inc.
This is free software; see the source for copying conditions.  There is NO
warranty; not even for MERCHANTABILITY or FITNESS FOR A PARTICULAR PURPOSE.

configure:3142: $? = 0
configure:3131: x86_64-w64-mingw32-gcc -v >&5
Using built-in specs.
COLLECT_GCC=D:\Prog\winlibs-gcc13.2.0-posix-msvcrt-11.0.1\mingw64\bin\x86_64-w64-mingw32-gcc.exe
COLLECT_LTO_WRAPPER=D:/Prog/winlibs-gcc13.2.0-posix-msvcrt-11.0.1/mingw64/bin/../libexec/gcc/x86_64-w64-mingw32/13.2.0/lto-wrapper.exe
OFFLOAD_TARGET_NAMES=nvptx-none
Target: x86_64-w64-mingw32
Configured with: ../configure --prefix=/R/winlibs64_stage/inst_gcc-13.2.0/share/gcc --build=x86_64-w64-mingw32 --host=x86_64-w64-mingw32 --enable-offload-targets=nvptx-none --with-pkgversion='MinGW-W64 x86_64-msvcrt-posix-seh, built by Brecht Sanders, r5' --with-tune=generic --enable-checking=release --enable-threads=posix --disable-sjlj-exceptions --disable-libunwind-exceptions --disable-serial-configure --disable-bootstrap --enable-host-shared --enable-plugin --disable-default-ssp --disable-rpath --disable-libstdcxx-debug --disable-version-specific-runtime-libs --with-stabs --disable-symvers --enable-languages=c,c++,fortran,lto,objc,obj-c++ --disable-gold --disable-nls --disable-stage1-checking --disable-win32-registry --disable-multilib --enable-ld --enable-libquadmath --enable-libada --enable-libssp --enable-libstdcxx --enable-lto --enable-fully-dynamic-string --enable-libgomp --enable-graphite --enable-mingw-wildcard --enable-libstdcxx-time --enable-libstdcxx-pch --with-mpc=/d/Prog/winlibs64_stage/custombuilt --with-mpfr=/d/Prog/winlibs64_stage/custombuilt --with-gmp=/d/Prog/winlibs64_stage/custombuilt --with-isl=/d/Prog/winlibs64_stage/custombuilt --disable-libstdcxx-backtrace --enable-install-libiberty --enable-__cxa_atexit --without-included-gettext --with-diagnostics-color=auto --enable-clocale=generic --with-libiconv --with-system-zlib --with-build-sysroot=/R/winlibs64_stage/gcc-13.2.0/build_mingw/mingw-w64 CFLAGS='-I/d/Prog/winlibs64_stage/custombuilt/include/libdl-win32   -march=nocona -msahf -mtune=generic -O2' CXXFLAGS='-Wno-int-conversion  -march=nocona -msahf -mtune=generic -O2' LDFLAGS='-pthread -Wl,--no-insert-timestamp -Wl,--dynamicbase -Wl,--high-entropy-va -Wl,--nxcompat -Wl,--tsaware' LD=/d/Prog/winlibs64_stage/custombuilt/share/binutils/bin/ld.exe
Thread model: posix
Supported LTO compression algorithms: zlib zstd
gcc version 13.2.0 (MinGW-W64 x86_64-msvcrt-posix-seh, built by Brecht Sanders, r5) 
configure:3142: $? = 0
configure:3131: x86_64-w64-mingw32-gcc -V >&5
x86_64-w64-mingw32-gcc.exe: error: unrecognized command-line option '-V'
x86_64-w64-mingw32-gcc.exe: fatal error: no input files
compilation terminated.
configure:3142: $? = 1
configure:3131: x86_64-w64-mingw32-gcc -qversion >&5
x86_64-w64-mingw32-gcc.exe: error: unrecognized command-line option '-qversion'; did you mean '--version'?
x86_64-w64-mingw32-gcc.exe: fatal error: no input files
compilation terminated.
configure:3142: $? = 1
configure:3162: checking whether the C compiler works
configure:3184: x86_64-w64-mingw32-gcc -I//SERVER/Users/brecht/sources/CPP/winlibs_recipes/recipes/ykclient-2.15   -Wl,--as-needed -lws2_32 conftest.c  >&5
D:/Prog/winlibs-gcc13.2.0-posix-msvcrt-11.0.1/mingw64/bin/../lib/gcc/x86_64-w64-mingw32/13.2.0/../../../../x86_64-w64-mingw32/bin/ld.exe: cannot open output file a.exe: Invalid argument
collect2.exe: error: ld returned 1 exit status
configure:3188: $? = 1
configure:3226: result: no
configure: failed program was:
| /* confdefs.h */
| #define PACKAGE_NAME "ykclient"
| #define PACKAGE_TARNAME "ykclient"
| #define PACKAGE_VERSION "2.15"
| #define PACKAGE_STRING "ykclient 2.15"
| #define PACKAGE_BUGREPORT "yubico-devel@googlegroups.com"
| #define PACKAGE_URL ""
| #define PACKAGE "ykclient"
| #define VERSION "2.15"
| /* end confdefs.h.  */
| 
| int
| main ()
| {
| 
|   ;
|   return 0;
| }
configure:3231: error: in `//SERVER/Users/brecht/sources/CPP/winlibs_recipes/recipes/ykclient-2.15':
configure:3233: error: C compiler cannot create executables
See `config.log' for more details

## ---------------- ##
## Cache variables. ##
## ---------------- ##

ac_cv_env_CC_set=
ac_cv_env_CC_value=
ac_cv_env_CFLAGS_set=set
ac_cv_env_CFLAGS_value='-I//SERVER/Users/brecht/sources/CPP/winlibs_recipes/recipes/ykclient-2.15 '
ac_cv_env_CPPFLAGS_set=
ac_cv_env_CPPFLAGS_value=
ac_cv_env_CPP_set=
ac_cv_env_CPP_value=
ac_cv_env_LDFLAGS_set=set
ac_cv_env_LDFLAGS_value='-Wl,--as-needed -lws2_32'
ac_cv_env_LIBCURL_CFLAGS_set=
ac_cv_env_LIBCURL_CFLAGS_value=
ac_cv_env_LIBCURL_LIBS_set=
ac_cv_env_LIBCURL_LIBS_value=
ac_cv_env_LIBS_set=
ac_cv_env_LIBS_value=
ac_cv_env_PKG_CONFIG_LIBDIR_set=
ac_cv_env_PKG_CONFIG_LIBDIR_value=
ac_cv_env_PKG_CONFIG_PATH_set=set
ac_cv_env_PKG_CONFIG_PATH_value=/d/Prog/winlibs-gcc13.2.0-posix-msvcrt-11.0.1/custombuilt64/lib/pkgconfig:/d/Prog/winlibs-gcc13.2.0-posix-msvcrt-11.0.1/custombuilt64/share/pkgconfig
ac_cv_env_PKG_CONFIG_set=
ac_cv_env_PKG_CONFIG_value=
ac_cv_env_build_alias_set=set
ac_cv_env_build_alias_value=x86_64-w64-mingw32
ac_cv_env_host_alias_set=set
ac_cv_env_host_alias_value=x86_64-w64-mingw32
ac_cv_env_target_alias_set=
ac_cv_env_target_alias_value=
ac_cv_path_install='/usr/bin/install -c'
ac_cv_path_mkdir=/usr/bin/mkdir
ac_cv_prog_AWK=gawk
ac_cv_prog_CC=x86_64-w64-mingw32-gcc
ac_cv_prog_make_make_set=yes
am_cv_make_support_nested_variables=yes

## ----------------- ##
## Output variables. ##
## ----------------- ##

ACLOCAL='${SHELL} //SERVER/Users/brecht/sources/CPP/winlibs_recipes/recipes/ykclient-2.15/build-aux/missing aclocal-1.15'
AMDEPBACKSLASH=''
AMDEP_FALSE=''
AMDEP_TRUE=''
AMTAR='$${TAR-tar}'
AM_BACKSLASH='\'
AM_DEFAULT_V='$(AM_DEFAULT_VERBOSITY)'
AM_DEFAULT_VERBOSITY='0'
AM_V='$(V)'
AR=''
AS=''
AUTOCONF='${SHELL} //SERVER/Users/brecht/sources/CPP/winlibs_recipes/recipes/ykclient-2.15/build-aux/missing autoconf'
AUTOHEADER='${SHELL} //SERVER/Users/brecht/sources/CPP/winlibs_recipes/recipes/ykclient-2.15/build-aux/missing autoheader'
AUTOMAKE='${SHELL} //SERVER/Users/brecht/sources/CPP/winlibs_recipes/recipes/ykclient-2.15/build-aux/missing automake-1.15'
AWK='gawk'
CC='x86_64-w64-mingw32-gcc'
CCDEPMODE=''
CFLAGS='-I//SERVER/Users/brecht/sources/CPP/winlibs_recipes/recipes/ykclient-2.15 '
CPP=''
CPPFLAGS=''
CYGPATH_W='cygpath -w'
DEFS=''
DEPDIR=''
DLLTOOL=''
DSYMUTIL=''
DUMPBIN=''
ECHO_C=''
ECHO_N='-n'
ECHO_T=''
EGREP=''
ENABLE_COV_FALSE=''
ENABLE_COV_TRUE=''
EXEEXT=''
FGREP=''
GREP=''
HAVE_LD_VERSION_SCRIPT_FALSE=''
HAVE_LD_VERSION_SCRIPT_TRUE=''
HELP2ADOC=''
HELP2MAN=''
INSTALL_DATA='${INSTALL} -m 644'
INSTALL_PROGRAM='${INSTALL}'
INSTALL_SCRIPT='${INSTALL}'
INSTALL_STRIP_PROGRAM='$(install_sh) -c -s'
LD=''
LDFLAGS='-Wl,--as-needed -lws2_32'
LIBCURL_CFLAGS=''
LIBCURL_LIBS=''
LIBOBJS=''
LIBS=''
LIBTOOL=''
LIPO=''
LN_S=''
LTLIBOBJS=''
LT_AGE='6'
LT_CURRENT='9'
LT_REVISION='0'
MAKEINFO='${SHELL} //SERVER/Users/brecht/sources/CPP/winlibs_recipes/recipes/ykclient-2.15/build-aux/missing makeinfo'
MANIFEST_TOOL=''
MKDIR_P='/usr/bin/mkdir -p'
NM=''
NMEDIT=''
OBJDUMP=''
OBJEXT=''
OTOOL64=''
OTOOL=''
PACKAGE='ykclient'
PACKAGE_BUGREPORT='yubico-devel@googlegroups.com'
PACKAGE_NAME='ykclient'
PACKAGE_STRING='ykclient 2.15'
PACKAGE_TARNAME='ykclient'
PACKAGE_URL=''
PACKAGE_VERSION='2.15'
PATH_SEPARATOR=':'
PKG_CONFIG=''
PKG_CONFIG_LIBDIR=''
PKG_CONFIG_PATH='/d/Prog/winlibs-gcc13.2.0-posix-msvcrt-11.0.1/custombuilt64/lib/pkgconfig:/d/Prog/winlibs-gcc13.2.0-posix-msvcrt-11.0.1/custombuilt64/share/pkgconfig'
RANLIB=''
SED=''
SET_MAKE=''
SHELL='/bin/sh'
STRIP=''
VALGRIND=''
VERSION='2.15'
WARN_CFLAGS=''
YKCLIENT_VERSION_MAJOR=''
YKCLIENT_VERSION_MINOR=''
YKCLIENT_VERSION_NUMBER=''
YKCLIENT_VERSION_PATCH=''
ac_ct_AR=''
ac_ct_CC=''
ac_ct_DUMPBIN=''
am__EXEEXT_FALSE=''
am__EXEEXT_TRUE=''
am__fastdepCC_FALSE=''
am__fastdepCC_TRUE=''
am__include=''
am__isrc=''
am__leading_dot='.'
am__nodep=''
am__quote=''
am__tar='$${TAR-tar} chof - "$$tardir"'
am__untar='$${TAR-tar} xf -'
bindir='${exec_prefix}/bin'
build='x86_64-w64-mingw32'
build_alias='x86_64-w64-mingw32'
build_cpu=''
build_os=''
build_vendor=''
datadir='${datarootdir}'
datarootdir='${prefix}/share'
docdir='${datarootdir}/doc/${PACKAGE_TARNAME}'
dvidir='${docdir}'
exec_prefix='NONE'
host='x86_64-w64-mingw32'
host_alias='x86_64-w64-mingw32'
host_cpu=''
host_os=''
host_vendor=''
htmldir='${docdir}'
includedir='${prefix}/include'
infodir='${datarootdir}/info'
install_sh='${SHELL} //SERVER/Users/brecht/sources/CPP/winlibs_recipes/recipes/ykclient-2.15/build-aux/install-sh'
libdir='${exec_prefix}/lib'
libexecdir='${exec_prefix}/libexec'
localedir='${datarootdir}/locale'
localstatedir='${prefix}/var'
mandir='${datarootdir}/man'
mkdir_p='$(MKDIR_P)'
oldincludedir='/usr/include'
pdfdir='${docdir}'
prefix='//SERVER/Users/brecht/sources/CPP/winlibs_recipes/recipes/inst_ykclient-2.15'
program_transform_name='s,x,x,'
psdir='${docdir}'
sbindir='${exec_prefix}/sbin'
sharedstatedir='${prefix}/com'
sysconfdir='${prefix}/etc'
target_alias=''

## ----------- ##
## confdefs.h. ##
## ----------- ##

/* confdefs.h */
#define PACKAGE_NAME "ykclient"
#define PACKAGE_TARNAME "ykclient"
#define PACKAGE_VERSION "2.15"
#define PACKAGE_STRING "ykclient 2.15"
#define PACKAGE_BUGREPORT "yubico-devel@googlegroups.com"
#define PACKAGE_URL ""
#define PACKAGE "ykclient"
#define VERSION "2.15"

configure: exit 77
